[2025-10-31T10:03:11.704Z] --- Attempt 1 started at 2025-10-31T10:03:11.704Z ---
[2025-10-31T10:03:11.712Z] [spawn] npm run verify:build (pid=31268)
npm warn Unknown env config "http-proxy". This will stop working in the next major version of npm.

> crmtool@0.1.0 verify:build
> npm run audit:manifest && npm run test:boot

npm warn Unknown env config "http-proxy". This will stop working in the next major version of npm.

> crmtool@0.1.0 audit:manifest
> node tools/manifest_audit.js

[MANIFEST AUDIT] PASS
Unphased files (warn only): [
  './calendar/index.js',
  './contacts/form.js',
  './contacts/modal.js',
  './dashboard/index.js',
  './dashboard/kpis.js',
  './dashboard/widgets/pipeline_momentum.js',
  './dashboard/widgets/portfolio_mix.js',
  './dashboard/widgets/referral_leaders.js',
  './pipeline/constants.js',
  './relationships/index.js',
  './relationships/map.js',
  './reports/referrals.js',
  './router/init.js',
  './router/patterns.js',
  './services/comms_adapter.js',
  './services/selection_reset.js',
  './settings/dashboard_prefs.js',
  './settings/flags.js',
  './tasks/api.js',
  './tasks/store.js',
  './tasks/task_utils.js',
  './ui/bootstrap_features_probe.js',
  './ui/dashboard_layout.js',
  './ui/debug_overlay.js',
  './ui/drag_core.js',
  './ui/legend_popover.js',
  './ui/modal_singleton.js',
  './ui/modals/partner_edit/index.js',
  './ui/partner_edit_modal.js',
  './ui/quick_add_compat.js',
  './ui/quick_create_menu.js',
  './ui/route_lifecycle.js',
  './ui/status_banners.js',
  './ui/toast_helpers.js',
  './util/favorites.js',
  './util/touch_log.js'
]
npm warn Unknown env config "http-proxy". This will stop working in the next major version of npm.

> crmtool@0.1.0 test:boot
> node tools/boot_smoke_test.mjs

[CONTRACT LINT] PASS
[SERVER] listening on http://127.0.0.1:8080/ (root: /workspace/CRM_MASTER/crm-app)
smoke:action-selector [data-ui="action-bar"] [data-action]:not([data-action="merge"])
[SMOKE PARTNER SEL] {"svcCount":2,"svcType":"partners","svcIds":["101593c6-a0ea-5238-e097-7f51c066ceb7","18ebe317-e181-5ae9-271f-75423e5d3d28"],"fallbackCount":2,"fallbackIds":null}
BOOT SMOKE TEST PASS
[2025-10-31T10:03:22.535Z] --- Attempt 1 succeeded in 10831ms ---
[2025-10-31T10:03:22.535Z] Step verify_build completed successfully.
