npm warn Unknown env config "http-proxy". This will stop working in the next major version of npm.
@puppeteer/browsers install <browser>

Download and install the specified browser. If successful, the command outputs the actual browser buildId that was installed and the absolute path to the browser executable (format: <browser>@<buildID> <path>).

Positionals:
  browser  Which browser to install <browser>[@<buildId|latest>]. `latest` will try to find the latest available build. `buildId` is a browser-specific identifier such as a version or a revision.  [string] [required]

Options:
  --version   Show version number  [boolean]
  --help      Show help  [boolean]
  --platform  Platform that the binary needs to be compatible with.  [string] [choices: "linux", "mac", "mac_arm", "win32", "win64"] [default: Auto-detected]
  --path      Path to the root folder for the browser downloads and installation. The installation folder structure is compatible with the cache structure used by Puppeteer.  [string] [default: Current working directory]
  --base-url  Base URL to download from  [string]

Examples:
  @puppeteer/browsers install chrome                                Install the latest available build of the Chrome browser.
  @puppeteer/browsers install chrome@latest                         Install the latest available build for the Chrome browser.
  @puppeteer/browsers install chrome@stable                         Install the latest available build for the Chrome browser from the stable channel.
  @puppeteer/browsers install chrome@beta                           Install the latest available build for the Chrome browser from the beta channel.
  @puppeteer/browsers install chrome@dev                            Install the latest available build for the Chrome browser from the dev channel.
  @puppeteer/browsers install chrome@canary                         Install the latest available build for the Chrome Canary browser.
  @puppeteer/browsers install chrome@115                            Install the latest available build for Chrome 115.
  @puppeteer/browsers install chromedriver@canary                   Install the latest available build for ChromeDriver Canary.
  @puppeteer/browsers install chromedriver@115                      Install the latest available build for ChromeDriver 115.
  @puppeteer/browsers install chromedriver@115.0.5790               Install the latest available patch (115.0.5790.X) build for ChromeDriver.
  @puppeteer/browsers install chrome-headless-shell                 Install the latest available chrome-headless-shell build.
  @puppeteer/browsers install chrome-headless-shell@beta            Install the latest available chrome-headless-shell build corresponding to the Beta channel.
  @puppeteer/browsers install chrome-headless-shell@118             Install the latest available chrome-headless-shell 118 build.
  @puppeteer/browsers install chromium@1083080                      Install the revision 1083080 of the Chromium browser.
  @puppeteer/browsers install firefox                               Install the latest nightly available build of the Firefox browser.
  @puppeteer/browsers install firefox@stable                        Install the latest stable build of the Firefox browser.
  @puppeteer/browsers install firefox@beta                          Install the latest beta build of the Firefox browser.
  @puppeteer/browsers install firefox@devedition                    Install the latest devedition build of the Firefox browser.
  @puppeteer/browsers install firefox@esr                           Install the latest ESR build of the Firefox browser.
  @puppeteer/browsers install firefox@nightly                       Install the latest nightly build of the Firefox browser.
  @puppeteer/browsers install firefox@stable_111.0.1                Install a specific version of the Firefox browser.
  @puppeteer/browsers install firefox --platform mac                Install the latest Mac (Intel) build of the Firefox browser.
  @puppeteer/browsers install firefox --path /tmp/my-browser-cache  Install to the specified cache directory.

Error: stable is not supported for Chromium. Use 'latest' instead.
    at resolveBuildIdForBrowserTag (/workspace/CRM_MASTER/node_modules/@puppeteer/browsers/lib/cjs/browser-data/browser-data.js:155:27)
    at resolveBuildId (/workspace/CRM_MASTER/node_modules/@puppeteer/browsers/lib/cjs/browser-data/browser-data.js:165:22)
    at #install (/workspace/CRM_MASTER/node_modules/@puppeteer/browsers/lib/cjs/CLI.js:278:75)
    at Object.handler (/workspace/CRM_MASTER/node_modules/@puppeteer/browsers/lib/cjs/CLI.js:188:36)
    at /workspace/CRM_MASTER/node_modules/yargs/build/index.cjs:1:8993
    at j (/workspace/CRM_MASTER/node_modules/yargs/build/index.cjs:1:4956)
    at _.handleValidationAndGetResult (/workspace/CRM_MASTER/node_modules/yargs/build/index.cjs:1:8962)
    at _.applyMiddlewareAndGetResult (/workspace/CRM_MASTER/node_modules/yargs/build/index.cjs:1:9604)
    at _.runCommand (/workspace/CRM_MASTER/node_modules/yargs/build/index.cjs:1:7231)
    at [runYargsParserAndExecuteCommands] (/workspace/CRM_MASTER/node_modules/yargs/build/index.cjs:1:58539)
npm warn Unknown env config "http-proxy". This will stop working in the next major version of npm.
