
> crmtool@0.1.0 sweep:s2
> (npm run verify:build || true) && npm run check:s2


> crmtool@0.1.0 verify:build
> npm run audit:manifest && npm run test:boot


> crmtool@0.1.0 audit:manifest
> node tools/manifest_audit.js

[MANIFEST AUDIT] PASS

> crmtool@0.1.0 test:boot
> node tools/boot_smoke_test.mjs

[CONTRACT LINT] PASS
[SERVER] listening on http://127.0.0.1:8080/ (root: /workspace/CRM_MASTER/crm-app)

> crmtool@0.1.0 check:s2
> node tools/check_suite_s2.mjs

ENV_PARTIAL: browser unavailable (launch-failed); running NODE subset; BROWSER checks = SKIP
SKIP dashboard:dnd-teardown
[CHECK] actionbar:style-dedupe ok
PASS actionbar:style-dedupe
SKIP pipeline:filter-idempotent
SKIP calendar:export-ux
SKIP workbench:mvp
SKIP dashboard:persistence-reset
SKIP notifications:toggle-3x
SKIP calendar:dnd
SKIP pipeline:status-milestone
SKIP partners:referral-sort
SKIP loading:uniform
SKIP comms:missing-handler
SKIP comms:adapter-flag
S2 summary: 1 PASS, 12 SKIP, 0 FAIL
