npm warn Unknown env config "http-proxy". This will stop working in the next major version of npm.

> crmtool@0.1.0 sweep:s1
> npm run verify:build && npm run check:s1

npm warn Unknown env config "http-proxy". This will stop working in the next major version of npm.

> crmtool@0.1.0 verify:build
> npm run audit:manifest && npm run test:boot

npm warn Unknown env config "http-proxy". This will stop working in the next major version of npm.

> crmtool@0.1.0 audit:manifest
> node tools/manifest_audit.js

[MANIFEST AUDIT] PASS
Unphased files (warn only): [
  './calendar/index.js',
  './contacts/form.js',
  './contacts/modal.js',
  './dashboard/index.js',
  './dashboard/kpis.js',
  './dashboard/widgets/pipeline_momentum.js',
  './dashboard/widgets/portfolio_mix.js',
  './dashboard/widgets/referral_leaders.js',
  './pipeline/constants.js',
  './relationships/index.js',
  './relationships/map.js',
  './reports/referrals.js',
  './router/init.js',
  './router/patterns.js',
  './services/comms_adapter.js',
  './services/selection_reset.js',
  './settings/dashboard_prefs.js',
  './settings/flags.js',
  './tasks/api.js',
  './tasks/store.js',
  './tasks/task_utils.js',
  './ui/bootstrap_features_probe.js',
  './ui/dashboard_layout.js',
  './ui/debug_overlay.js',
  './ui/drag_core.js',
  './ui/legend_popover.js',
  './ui/modal_singleton.js',
  './ui/modals/partner_edit/index.js',
  './ui/partner_edit_modal.js',
  './ui/quick_add_compat.js',
  './ui/quick_create_menu.js',
  './ui/route_lifecycle.js',
  './ui/status_banners.js',
  './ui/toast_helpers.js',
  './util/favorites.js',
  './util/touch_log.js'
]
npm warn Unknown env config "http-proxy". This will stop working in the next major version of npm.

> crmtool@0.1.0 test:boot
> node tools/boot_smoke_test.mjs

[CONTRACT LINT] PASS
[SERVER] listening on http://127.0.0.1:8080/ (root: /workspace/CRM_MASTER/crm-app)
BOOT SMOKE TEST FAIL: Failed to launch the browser process!
/root/.cache/puppeteer/chrome/linux-127.0.6533.88/chrome-linux64/chrome: error while loading shared libraries: libatk-1.0.so.0: cannot open shared object file: No such file or directory


TROUBLESHOOTING: https://pptr.dev/troubleshooting

